<?xml version="1.0" encoding="UTF-8"?>
<testng-results skipped="0" failed="0" total="2" passed="2">
  <reporter-output>
  </reporter-output>
  <suite name="ZeroAutomationTest" duration-ms="214744" started-at="2019-04-01T16:45:48Z" finished-at="2019-04-01T16:49:23Z">
    <groups>
    </groups>
    <test name="FirefoxTest" duration-ms="72504" started-at="2019-04-01T16:45:48Z" finished-at="2019-04-01T16:47:00Z">
      <class name="com.zero.script.AutomationScript">
        <test-method status="PASS" signature="initializedriver(java.lang.String)[pri:0, instance:com.zero.script.AutomationScript@1b7cc17c]" name="initializedriver" is-config="true" duration-ms="28073" started-at="2019-04-01T09:45:48Z" finished-at="2019-04-01T09:46:16Z">
          <params>
            <param index="0">
              <value>
                <![CDATA[Firefox]]>
              </value>
            </param>
          </params>
          <reporter-output>
          </reporter-output>
        </test-method> <!-- initializedriver -->
        <test-method status="PASS" signature="TC01_NavigatetozeroValidCredientials()[pri:0, instance:com.zero.script.AutomationScript@1b7cc17c]" name="TC01_NavigatetozeroValidCredientials" duration-ms="44417" started-at="2019-04-01T09:46:16Z" finished-at="2019-04-01T09:47:00Z">
          <reporter-output>
          </reporter-output>
        </test-method> <!-- TC01_NavigatetozeroValidCredientials -->
      </class> <!-- com.zero.script.AutomationScript -->
    </test> <!-- FirefoxTest -->
    <test name="ChromeTest" duration-ms="142183" started-at="2019-04-01T16:47:00Z" finished-at="2019-04-01T16:49:23Z">
      <class name="com.zero.script.AutomationScript">
        <test-method status="PASS" signature="initializedriver(java.lang.String)[pri:0, instance:com.zero.script.AutomationScript@34123d65]" name="initializedriver" is-config="true" duration-ms="11967" started-at="2019-04-01T09:47:00Z" finished-at="2019-04-01T09:47:12Z">
          <params>
            <param index="0">
              <value>
                <![CDATA[Chrome]]>
              </value>
            </param>
          </params>
          <reporter-output>
          </reporter-output>
        </test-method> <!-- initializedriver -->
        <test-method status="PASS" signature="TC01_NavigatetozeroValidCredientials()[pri:0, instance:com.zero.script.AutomationScript@34123d65]" name="TC01_NavigatetozeroValidCredientials" duration-ms="130207" started-at="2019-04-01T09:47:12Z" finished-at="2019-04-01T09:49:23Z">
          <reporter-output>
          </reporter-output>
        </test-method> <!-- TC01_NavigatetozeroValidCredientials -->
      </class> <!-- com.zero.script.AutomationScript -->
    </test> <!-- ChromeTest -->
  </suite> <!-- ZeroAutomationTest -->
</testng-results>
